
Showing logs for build [32mcb-kubecd-bdd-spring-1586622108-txhrg-1[0m stage [32mfrom-build-pack[0m and container [32mstep-credential-initializer-fbg9d[0m
{"level":"warn","ts":1586622255.4945734,"logger":"fallback-logger","caller":"logging/config.go:69","msg":"Fetch GitHub commit ID from kodata failed: \"ref: refs/heads/0.8.0-**-support-backwards-incompats\" is not a valid GitHub commit ID"}
{"level":"info","ts":1586622255.495071,"logger":"fallback-logger","caller":"creds-init/main.go:40","msg":"Credentials initialized."}

Showing logs for build [32mcb-kubecd-bdd-spring-1586622108-txhrg-1[0m stage [32mfrom-build-pack[0m and container [32mstep-working-dir-initializer-g757v[0m
{"level":"warn","ts":1586622256.4331083,"logger":"fallback-logger","caller":"logging/config.go:69","msg":"Fetch GitHub commit ID from kodata failed: open /var/run/ko/HEAD: no such file or directory"}
{"level":"info","ts":1586622256.4345593,"logger":"fallback-logger","caller":"bash/main.go:64","msg":"Successfully executed command \"sh -c mkdir -p /workspace/source\"; output "}

Showing logs for build [32mcb-kubecd-bdd-spring-1586622108-txhrg-1[0m stage [32mfrom-build-pack[0m and container [32mstep-place-tools[0m

Showing logs for build [32mcb-kubecd-bdd-spring-1586622108-txhrg-1[0m stage [32mfrom-build-pack[0m and container [32mstep-git-source-cb-kubecd-bdd-spring-1586622108-txhrg-wjr8l[0m
{"level":"warn","ts":1586622266.5751095,"logger":"fallback-logger","caller":"logging/config.go:69","msg":"Fetch GitHub commit ID from kodata failed: \"ref: refs/heads/0.8.0-**-support-backwards-incompats\" is not a valid GitHub commit ID"}
{"level":"info","ts":1586622267.7686443,"logger":"fallback-logger","caller":"git/git.go:103","msg":"Successfully cloned https://github.com/cb-kubecd/bdd-spring-1586622108.git @ v0.0.1 in path /workspace/source"}

Showing logs for build [32mcb-kubecd-bdd-spring-1586622108-txhrg-1[0m stage [32mfrom-build-pack[0m and container [32mstep-git-merge[0m
Using SHAs from PULL_REFS=master:80b8c3c9a817c6e5a3ea24ec43587cda72bfc409
WARNING: no SHAs to merge, falling back to initial cloned commit

Showing logs for build [32mcb-kubecd-bdd-spring-1586622108-txhrg-1[0m stage [32mfrom-build-pack[0m and container [32mstep-setup-jx-git-credentials[0m
Generated Git credentials file /workspace/xdg_config/git/credentials

Showing logs for build [32mcb-kubecd-bdd-spring-1586622108-txhrg-1[0m stage [32mfrom-build-pack[0m and container [32mstep-build-mvn-deploy[0m
Picked up _JAVA_OPTIONS: -XX:+UnlockExperimentalVMOptions -XX:+UseCGroupMemoryLimitForHeap -Dsun.zip.disableMemoryMapping=true -XX:+UseParallelGC -XX:MinHeapFreeRatio=5 -XX:MaxHeapFreeRatio=10 -XX:GCTimeRatio=4 -XX:AdaptiveSizePolicyWeight=90 -Xms10m -Xmx192m
OpenJDK 64-Bit Server VM warning: If the number of processors is expected to increase from one, then you should configure the number of parallel GC threads appropriately using -XX:ParallelGCThreads=N
[INFO] Scanning for projects...
[INFO] 
[INFO] -----------------< com.example:bdd-spring-1586622108 >------------------
[INFO] Building demo 0.0.1
[INFO] --------------------------------[ jar ]---------------------------------
[INFO] 
[INFO] --- maven-clean-plugin:3.1.0:clean (default-clean) @ bdd-spring-1586622108 ---
[INFO] 
[INFO] --- maven-resources-plugin:3.1.0:resources (default-resources) @ bdd-spring-1586622108 ---
[INFO] Using 'UTF-8' encoding to copy filtered resources.
[INFO] Copying 1 resource
[INFO] Copying 0 resource
[INFO] 
[INFO] --- maven-compiler-plugin:3.8.1:compile (default-compile) @ bdd-spring-1586622108 ---
[INFO] Changes detected - recompiling the module!
[INFO] Compiling 1 source file to /workspace/source/target/classes
[INFO] 
[INFO] --- maven-resources-plugin:3.1.0:testResources (default-testResources) @ bdd-spring-1586622108 ---
[INFO] Using 'UTF-8' encoding to copy filtered resources.
[INFO] skip non existing resourceDirectory /workspace/source/src/test/resources
[INFO] 
[INFO] --- maven-compiler-plugin:3.8.1:testCompile (default-testCompile) @ bdd-spring-1586622108 ---
[INFO] Changes detected - recompiling the module!
[INFO] Compiling 1 source file to /workspace/source/target/test-classes
[INFO] 
[INFO] --- maven-surefire-plugin:3.0.0-M1:test (default-test) @ bdd-spring-1586622108 ---
[INFO] 
[INFO] -------------------------------------------------------
[INFO]  T E S T S
[INFO] -------------------------------------------------------
[INFO] Running com.example.bddspring1586622108.DemoApplicationTests
16:25:04.265 [main] DEBUG org.springframework.test.context.BootstrapUtils - Instantiating CacheAwareContextLoaderDelegate from class [org.springframework.test.context.cache.DefaultCacheAwareContextLoaderDelegate]
16:25:04.295 [main] DEBUG org.springframework.test.context.BootstrapUtils - Instantiating BootstrapContext using constructor [public org.springframework.test.context.support.DefaultBootstrapContext(java.lang.Class,org.springframework.test.context.CacheAwareContextLoaderDelegate)]
16:25:04.388 [main] DEBUG org.springframework.test.context.BootstrapUtils - Instantiating TestContextBootstrapper for test class [com.example.bddspring1586622108.DemoApplicationTests] from class [org.springframework.boot.test.context.SpringBootTestContextBootstrapper]
16:25:04.468 [main] INFO org.springframework.boot.test.context.SpringBootTestContextBootstrapper - Neither @ContextConfiguration nor @ContextHierarchy found for test class [com.example.bddspring1586622108.DemoApplicationTests], using SpringBootContextLoader
16:25:04.484 [main] DEBUG org.springframework.test.context.support.AbstractContextLoader - Did not detect default resource location for test class [com.example.bddspring1586622108.DemoApplicationTests]: class path resource [com/example/bddspring1586622108/DemoApplicationTests-context.xml] does not exist
16:25:04.486 [main] DEBUG org.springframework.test.context.support.AbstractContextLoader - Did not detect default resource location for test class [com.example.bddspring1586622108.DemoApplicationTests]: class path resource [com/example/bddspring1586622108/DemoApplicationTestsContext.groovy] does not exist
16:25:04.487 [main] INFO org.springframework.test.context.support.AbstractContextLoader - Could not detect default resource locations for test class [com.example.bddspring1586622108.DemoApplicationTests]: no resource found for suffixes {-context.xml, Context.groovy}.
16:25:04.491 [main] INFO org.springframework.test.context.support.AnnotationConfigContextLoaderUtils - Could not detect default configuration classes for test class [com.example.bddspring1586622108.DemoApplicationTests]: DemoApplicationTests does not declare any static, non-private, non-final, nested classes annotated with @Configuration.
16:25:04.599 [main] DEBUG org.springframework.test.context.support.ActiveProfilesUtils - Could not find an 'annotation declaring class' for annotation type [org.springframework.test.context.ActiveProfiles] and class [com.example.bddspring1586622108.DemoApplicationTests]
16:25:04.773 [main] DEBUG org.springframework.context.annotation.ClassPathScanningCandidateComponentProvider - Identified candidate component class: file [/workspace/source/target/classes/com/example/bddspring1586622108/DemoApplication.class]
16:25:04.780 [main] INFO org.springframework.boot.test.context.SpringBootTestContextBootstrapper - Found @SpringBootConfiguration com.example.bddspring1586622108.DemoApplication for test class com.example.bddspring1586622108.DemoApplicationTests
16:25:04.991 [main] DEBUG org.springframework.boot.test.context.SpringBootTestContextBootstrapper - @TestExecutionListeners is not present for class [com.example.bddspring1586622108.DemoApplicationTests]: using defaults.
16:25:04.999 [main] INFO org.springframework.boot.test.context.SpringBootTestContextBootstrapper - Loaded default TestExecutionListener class names from location [META-INF/spring.factories]: [org.springframework.boot.test.mock.mockito.MockitoTestExecutionListener, org.springframework.boot.test.mock.mockito.ResetMocksTestExecutionListener, org.springframework.boot.test.autoconfigure.restdocs.RestDocsTestExecutionListener, org.springframework.boot.test.autoconfigure.web.client.MockRestServiceServerResetTestExecutionListener, org.springframework.boot.test.autoconfigure.web.servlet.MockMvcPrintOnlyOnFailureTestExecutionListener, org.springframework.boot.test.autoconfigure.web.servlet.WebDriverTestExecutionListener, org.springframework.test.context.web.ServletTestExecutionListener, org.springframework.test.context.support.DirtiesContextBeforeModesTestExecutionListener, org.springframework.test.context.support.DependencyInjectionTestExecutionListener, org.springframework.test.context.support.DirtiesContextTestExecutionListener, org.springframework.test.context.transaction.TransactionalTestExecutionListener, org.springframework.test.context.jdbc.SqlScriptsTestExecutionListener, org.springframework.test.context.event.EventPublishingTestExecutionListener]
16:25:05.067 [main] DEBUG org.springframework.boot.test.context.SpringBootTestContextBootstrapper - Skipping candidate TestExecutionListener [org.springframework.test.context.transaction.TransactionalTestExecutionListener] due to a missing dependency. Specify custom listener classes or make the default listener classes and their required dependencies available. Offending class: [org/springframework/transaction/TransactionDefinition]
16:25:05.070 [main] DEBUG org.springframework.boot.test.context.SpringBootTestContextBootstrapper - Skipping candidate TestExecutionListener [org.springframework.test.context.jdbc.SqlScriptsTestExecutionListener] due to a missing dependency. Specify custom listener classes or make the default listener classes and their required dependencies available. Offending class: [org/springframework/transaction/interceptor/TransactionAttribute]
16:25:05.071 [main] INFO org.springframework.boot.test.context.SpringBootTestContextBootstrapper - Using TestExecutionListeners: [org.springframework.test.context.web.ServletTestExecutionListener@169e6180, org.springframework.test.context.support.DirtiesContextBeforeModesTestExecutionListener@35aea049, org.springframework.boot.test.mock.mockito.MockitoTestExecutionListener@7205765b, org.springframework.boot.test.autoconfigure.SpringBootDependencyInjectionTestExecutionListener@47987356, org.springframework.test.context.support.DirtiesContextTestExecutionListener@22ef9844, org.springframework.test.context.event.EventPublishingTestExecutionListener@6283d8b8, org.springframework.boot.test.mock.mockito.ResetMocksTestExecutionListener@3b6ddd1d, org.springframework.boot.test.autoconfigure.restdocs.RestDocsTestExecutionListener@3f6b0be5, org.springframework.boot.test.autoconfigure.web.client.MockRestServiceServerResetTestExecutionListener@611889f4, org.springframework.boot.test.autoconfigure.web.servlet.MockMvcPrintOnlyOnFailureTestExecutionListener@1da2cb77, org.springframework.boot.test.autoconfigure.web.servlet.WebDriverTestExecutionListener@48f278eb]
16:25:05.083 [main] DEBUG org.springframework.test.context.support.AbstractDirtiesContextTestExecutionListener - Before test class: context [DefaultTestContext@5d7148e2 testClass = DemoApplicationTests, testInstance = [null], testMethod = [null], testException = [null], mergedContextConfiguration = [WebMergedContextConfiguration@25fb8912 testClass = DemoApplicationTests, locations = '{}', classes = '{class com.example.bddspring1586622108.DemoApplication}', contextInitializerClasses = '[]', activeProfiles = '{}', propertySourceLocations = '{}', propertySourceProperties = '{org.springframework.boot.test.context.SpringBootTestContextBootstrapper=true}', contextCustomizers = set[org.springframework.boot.test.context.filter.ExcludeFilterContextCustomizer@1677d1, org.springframework.boot.test.json.DuplicateJsonObjectContextCustomizerFactory$DuplicateJsonObjectContextCustomizer@5e316c74, org.springframework.boot.test.mock.mockito.MockitoContextCustomizer@0, org.springframework.boot.test.web.client.TestRestTemplateContextCustomizer@65466a6a, org.springframework.boot.test.autoconfigure.properties.PropertyMappingContextCustomizer@0, org.springframework.boot.test.autoconfigure.web.servlet.WebDriverContextCustomizerFactory$Customizer@659a969b], resourceBasePath = 'src/main/webapp', contextLoader = 'org.springframework.boot.test.context.SpringBootContextLoader', parent = [null]], attributes = map['org.springframework.test.context.web.ServletTestExecutionListener.activateListener' -> true]], class annotated with @DirtiesContext [false] with mode [null].
16:25:05.176 [main] DEBUG org.springframework.test.context.support.TestPropertySourceUtils - Adding inlined properties to environment: {spring.jmx.enabled=false, org.springframework.boot.test.context.SpringBootTestContextBootstrapper=true, server.port=-1}

  .   ____          _            __ _ _
 /\\ / ___'_ __ _ _(_)_ __  __ _ \ \ \ \
( ( )\___ | '_ | '_| | '_ \/ _` | \ \ \ \
 \\/  ___)| |_)| | | | | || (_| |  ) ) ) )
  '  |____| .__|_| |_|_| |_\__, | / / / /
 =========|_|==============|___/=/_/_/_/
 :: Spring Boot ::        (v2.2.6.RELEASE)

2020-04-11 16:25:05.879  INFO 69 --- [           main] c.e.b.DemoApplicationTests               : Starting DemoApplicationTests on cb-kubecd-bdd-spring-1586622108-txhrg-1-from-build-pack-prgqv-p with PID 69 (started by root in /workspace/source)
2020-04-11 16:25:05.884  INFO 69 --- [           main] c.e.b.DemoApplicationTests               : No active profile set, falling back to default profiles: default
2020-04-11 16:25:13.262  INFO 69 --- [           main] o.s.s.concurrent.ThreadPoolTaskExecutor  : Initializing ExecutorService 'applicationTaskExecutor'
2020-04-11 16:25:15.181  INFO 69 --- [           main] o.s.b.a.e.web.EndpointLinksResolver      : Exposing 2 endpoint(s) beneath base path '/actuator'
2020-04-11 16:25:15.379  INFO 69 --- [           main] c.e.b.DemoApplicationTests               : Started DemoApplicationTests in 10.179 seconds (JVM running for 13.105)
[INFO] Tests run: 1, Failures: 0, Errors: 0, Skipped: 0, Time elapsed: 11.995 s - in com.example.bddspring1586622108.DemoApplicationTests
2020-04-11 16:25:16.078  INFO 69 --- [extShutdownHook] o.s.s.concurrent.ThreadPoolTaskExecutor  : Shutting down ExecutorService 'applicationTaskExecutor'
[INFO] 
[INFO] Results:
[INFO] 
[INFO] Tests run: 1, Failures: 0, Errors: 0, Skipped: 0
[INFO] 
[INFO] 
[INFO] --- maven-jar-plugin:3.1.2:jar (default-jar) @ bdd-spring-1586622108 ---
[INFO] Building jar: /workspace/source/target/bdd-spring-1586622108-0.0.1.jar
[INFO] 
[INFO] --- spring-boot-maven-plugin:2.2.6.RELEASE:repackage (repackage) @ bdd-spring-1586622108 ---
[INFO] Replacing main artifact with repackaged archive
[INFO] 
[INFO] --- maven-install-plugin:2.5.2:install (default-install) @ bdd-spring-1586622108 ---
[INFO] Installing /workspace/source/target/bdd-spring-1586622108-0.0.1.jar to /home/jenkins/.mvnrepository/com/example/bdd-spring-1586622108/0.0.1/bdd-spring-1586622108-0.0.1.jar
[INFO] Installing /workspace/source/pom.xml to /home/jenkins/.mvnrepository/com/example/bdd-spring-1586622108/0.0.1/bdd-spring-1586622108-0.0.1.pom
[INFO] 
[INFO] --- maven-deploy-plugin:2.8.2:deploy (default-deploy) @ bdd-spring-1586622108 ---
[INFO] Using alternate deployment repository local-nexus::default::http://nexus/repository/maven-releases/
[INFO] ------------------------------------------------------------------------
[INFO] BUILD SUCCESS
[INFO] ------------------------------------------------------------------------
[INFO] Total time:  54.925 s
[INFO] Finished at: 2020-04-11T16:25:27Z
[INFO] ------------------------------------------------------------------------

Showing logs for build [32mcb-kubecd-bdd-spring-1586622108-txhrg-1[0m stage [32mfrom-build-pack[0m and container [32mstep-build-skaffold-version[0m
v1.0.1

Showing logs for build [32mcb-kubecd-bdd-spring-1586622108-txhrg-1[0m stage [32mfrom-build-pack[0m and container [32mstep-build-container-build[0m
[36mINFO[0m[0000] Resolved base name openjdk:8-jdk-slim to openjdk:8-jdk-slim 
[36mINFO[0m[0000] Using dockerignore file: /workspace/source/.dockerignore 
[36mINFO[0m[0000] Resolved base name openjdk:8-jdk-slim to openjdk:8-jdk-slim 
[36mINFO[0m[0000] Retrieving image manifest openjdk:8-jdk-slim 
ERROR: logging before flag.Parse: E0411 16:25:28.854781      10 metadata.go:142] while reading 'google-dockercfg' metadata: http status code: 404 while fetching url http://metadata.google.internal./computeMetadata/v1/instance/attributes/google-dockercfg
ERROR: logging before flag.Parse: E0411 16:25:28.857536      10 metadata.go:159] while reading 'google-dockercfg-url' metadata: http status code: 404 while fetching url http://metadata.google.internal./computeMetadata/v1/instance/attributes/google-dockercfg-url
[36mINFO[0m[0001] Retrieving image manifest openjdk:8-jdk-slim 
[36mINFO[0m[0002] Built cross stage deps: map[]                
[36mINFO[0m[0002] Retrieving image manifest openjdk:8-jdk-slim 
[36mINFO[0m[0003] Retrieving image manifest openjdk:8-jdk-slim 
[36mINFO[0m[0004] cmd: EXPOSE                                  
[36mINFO[0m[0004] Adding exposed port: 8080/tcp                
[36mINFO[0m[0004] Resolving srcs [pom.xml target/lib*]...      
end of resolve sources
[36mINFO[0m[0004] Checking for cached layer gcr.io/jenkins-x-bdd3/cache:67014c6db76c9a222622f0f30f32b380f54e78b277b9b41d45bc40c8625a0922... 
[36mINFO[0m[0004] No cached layer found for cmd COPY pom.xml target/lib* /opt/lib/ 
[36mINFO[0m[0004] Resolving srcs [target/*.jar]...             
end of resolve sources
[36mINFO[0m[0004] Unpacking rootfs as cmd COPY pom.xml target/lib* /opt/lib/ requires it. 
[36mINFO[0m[0011] Taking snapshot of full filesystem...        
[36mINFO[0m[0013] Resolving paths                              
[36mINFO[0m[0014] ENV PORT 8080                                
[36mINFO[0m[0014] No files changed in this command, skipping snapshotting. 
[36mINFO[0m[0014] ENV CLASSPATH /opt/lib                       
[36mINFO[0m[0014] No files changed in this command, skipping snapshotting. 
[36mINFO[0m[0014] EXPOSE 8080                                  
[36mINFO[0m[0014] cmd: EXPOSE                                  
[36mINFO[0m[0014] Adding exposed port: 8080/tcp                
[36mINFO[0m[0014] No files changed in this command, skipping snapshotting. 
[36mINFO[0m[0014] Resolving srcs [pom.xml target/lib*]...      
end of resolve sources
[36mINFO[0m[0014] COPY pom.xml target/lib* /opt/lib/           
[36mINFO[0m[0014] Resolving srcs [pom.xml target/lib*]...      
end of resolve sources
[36mINFO[0m[0014] Resolving paths                              
[36mINFO[0m[0014] Taking snapshot of files...                  
[36mINFO[0m[0014] Pushing layer gcr.io/jenkins-x-bdd3/cache:67014c6db76c9a222622f0f30f32b380f54e78b277b9b41d45bc40c8625a0922 to cache now 
[36mINFO[0m[0014] Resolving srcs [target/*.jar]...             
end of resolve sources
[36mINFO[0m[0014] COPY target/*.jar /opt/app.jar               
[36mINFO[0m[0014] Resolving srcs [target/*.jar]...             
end of resolve sources
[36mINFO[0m[0014] Resolving paths                              
[36mINFO[0m[0014] Taking snapshot of files...                  
[36mINFO[0m[0015] Pushing layer gcr.io/jenkins-x-bdd3/cache:6de327be45af7d4dfeef6a33bc6a92f2a15bf1ca9f4a1c1019bbaf417c75cf3a to cache now 
[36mINFO[0m[0015] WORKDIR /opt                                 
[36mINFO[0m[0015] cmd: workdir                                 
[36mINFO[0m[0015] Changed working directory to /opt            
[36mINFO[0m[0015] No files changed in this command, skipping snapshotting. 
[36mINFO[0m[0015] CMD ["java", "-XX:+UnlockExperimentalVMOptions", "-XX:+UseCGroupMemoryLimitForHeap", "-jar", "app.jar"] 
[36mINFO[0m[0015] No files changed in this command, skipping snapshotting. 

Showing logs for build [32mcb-kubecd-bdd-spring-1586622108-txhrg-1[0m stage [32mfrom-build-pack[0m and container [32mstep-build-post-build[0m
no CVE provider running in the current ** namespace so skip adding image to be analysed

Showing logs for build [32mcb-kubecd-bdd-spring-1586622108-txhrg-1[0m stage [32mfrom-build-pack[0m and container [32mstep-promote-changelog[0m
Converted /workspace/source/charts/bdd-spring-1586622108 to an unshallow repository
Generating change log from git ref c17df028db16dea9fdd14b5c8a95394cefd8d90a => 8b79c11303d7bdc776963b8674133281663b27d7
Associating user x-0 in users.jenkins.io with email c**d-bot@cloudbees.com to git GitProvider user with login -0 as emails match
Adding label jenkins.io/git-github-userid=-0 to user x-0 in users.jenkins.io
WARNING: Failed to enrich commit 80b8c3c9a817c6e5a3ea24ec43587cda72bfc409 with issues: User.jenkins.io "x-0" is invalid: metadata.labels: Invalid value: "-0": a valid label must be an empty string or consist of alphanumeric characters, '-', '_' or '.', and must start and end with an alphanumeric character (e.g. 'MyValue',  or 'my_value',  or '12345', regex used for validation is '(([A-Za-z0-9][-A-Za-z0-9_.]*)?[A-Za-z0-9])?')
Finding issues in commit messages using git format
Associating user x-0 in users.jenkins.io with email c**d-bot@cloudbees.com to git GitProvider user with login -0 as emails match
Adding label jenkins.io/git-github-userid=-0 to user x-0 in users.jenkins.io
WARNING: Failed to enrich commit 5f04a357e03f8a131b46cba3773095c32ad97311 with issues: User.jenkins.io "x-0" is invalid: metadata.labels: Invalid value: "-0": a valid label must be an empty string or consist of alphanumeric characters, '-', '_' or '.', and must start and end with an alphanumeric character (e.g. 'MyValue',  or 'my_value',  or '12345', regex used for validation is '(([A-Za-z0-9][-A-Za-z0-9_.]*)?[A-Za-z0-9])?')
Associating user x-0 in users.jenkins.io with email c**d-bot@cloudbees.com to git GitProvider user with login -0 as emails match
Adding label jenkins.io/git-github-userid=-0 to user x-0 in users.jenkins.io
WARNING: Failed to enrich commit 5f04a357e03f8a131b46cba3773095c32ad97311 with issues: User.jenkins.io "x-0" is invalid: metadata.labels: Invalid value: "-0": a valid label must be an empty string or consist of alphanumeric characters, '-', '_' or '.', and must start and end with an alphanumeric character (e.g. 'MyValue',  or 'my_value',  or '12345', regex used for validation is '(([A-Za-z0-9][-A-Za-z0-9_.]*)?[A-Za-z0-9])?')
WARNING: No release found for cb-kubecd/bdd-spring-1586622108 and tag v0.0.1 so creating a new release
Updated the release information at https://github.com/cb-kubecd/bdd-spring-1586622108/releases/tag/v0.0.1
generated: /workspace/source/charts/bdd-spring-1586622108/templates/release.yaml
Created Release bdd-spring-1586622108-0-0-1 resource in namespace **
Updating PipelineActivity cb-kubecd-bdd-spring-1586622108-master-1 with version 0.0.1
Updated PipelineActivities cb-kubecd-bdd-spring-1586622108-master-1 with release notes URL: https://github.com/cb-kubecd/bdd-spring-1586622108/releases/tag/v0.0.1

Showing logs for build [32mcb-kubecd-bdd-spring-1586622108-txhrg-1[0m stage [32mfrom-build-pack[0m and container [32mstep-promote-helm-release[0m
WARNING: No $CHART_REPOSITORY defined so using the default value of: http://jenkins-x-chartmuseum:8080
Adding missing Helm repo: storage.googleapis.com https://storage.googleapis.com/chartmuseum.jenkins-x.io
WARNING: No secrets found on "helm/repos" due: reading the secret "helm/repos" from vault: no secret "helm/repos" not found in vault
Read credentials for https://storage.googleapis.com/chartmuseum.jenkins-x.io from vault helm/repos
Successfully added Helm repository storage.googleapis.com.
Adding missing Helm repo: jenkins-x-chartmuseum http://jenkins-x-chartmuseum:8080
WARNING: No secrets found on "helm/repos" due: reading the secret "helm/repos" from vault: no secret "helm/repos" not found in vault
Read credentials for http://jenkins-x-chartmuseum:8080 from vault helm/repos
Successfully added Helm repository jenkins-x-chartmuseum.
WARNING: No $CHART_REPOSITORY defined so using the default value of: http://jenkins-x-chartmuseum:8080
Uploading chart file bdd-spring-1586622108-0.0.1.tgz to http://jenkins-x-chartmuseum:8080/api/charts
Received 201 response: {"saved":true}

Showing logs for build [32mcb-kubecd-bdd-spring-1586622108-txhrg-1[0m stage [32mfrom-build-pack[0m and container [32mstep-promote-jx-promote[0m
WARNING: prow based install so skip waiting for the merge of Pull Requests to go green as currently there is an issue with gettingstatuses from the PR, see https://github.com/jenkins-x/**/issues/2410
WARNING: No $CHART_REPOSITORY defined so using the default value of: http://jenkins-x-chartmuseum:8080
Promoting app bdd-spring-1586622108 version 0.0.1 to namespace **-staging
WARNING: 
WARNING: Waiting for the fork of c**d-bot-test/environment-pr-199-49-boot-gke-staging to appear...
Forked Git repository to https://github.com/c**d-bot-test/environment-pr-199-49-boot-gke-staging
Created Pull Request: https://github.com/cb-kubecd/environment-pr-199-49-boot-gke-staging/pull/1
Added label updatebot to Pull Request https://github.com/cb-kubecd/environment-pr-199-49-boot-gke-staging/pull/1
got git provider status pending from PR https://github.com/cb-kubecd/environment-pr-199-49-boot-gke-staging/pull/1
got git provider status pending from PR https://github.com/cb-kubecd/environment-pr-199-49-boot-gke-staging/pull/1
got git provider status pending from PR https://github.com/cb-kubecd/environment-pr-199-49-boot-gke-staging/pull/1
got git provider status pending from PR https://github.com/cb-kubecd/environment-pr-199-49-boot-gke-staging/pull/1
Pull Request https://github.com/cb-kubecd/environment-pr-199-49-boot-gke-staging/pull/1 is merged at sha eebfc25cc44bb94736ff6966af82735c98ed8925
Pull Request merged but we are not waiting for the update pipeline to complete!
WARNING: Could not find the service URL in namespace **-staging for names bdd-spring-1586622108, **-bdd-spring-1586622108, **-staging-bdd-spring-1586622108
